#
# There is insufficient memory for the Java Runtime Environment to continue.
# Native memory allocation (malloc) failed to allocate 729712 bytes for Chunk::new
# Possible reasons:
#   The system is out of physical RAM or swap space
#   The process is running with CompressedOops enabled, and the Java Heap may be blocking the growth of the native heap
# Possible solutions:
#   Reduce memory load on the system
#   Increase physical memory or swap space
#   Check if swap backing store is full
#   Decrease Java heap size (-Xmx/-Xms)
#   Decrease number of Java threads
#   Decrease Java thread stack sizes (-Xss)
#   Set larger code cache with -XX:ReservedCodeCacheSize=
#   JVM is running with Zero Based Compressed Oops mode in which the Java heap is
#     placed in the first 32GB address space. The Java Heap base address is the
#     maximum limit for the native heap growth. Please use -XX:HeapBaseMinAddress
#     to set the Java Heap base and to place the Java Heap above 32GB virtual address.
# This output file may be truncated or incomplete.
#
#  Out of Memory Error (arena.cpp:189), pid=21776, tid=13396
#
# JRE version: OpenJDK Runtime Environment JBR-17.0.6+10-829.9-jcef (17.0.6+10) (build 17.0.6+10-b829.9)
# Java VM: OpenJDK 64-Bit Server VM JBR-17.0.6+10-829.9-jcef (17.0.6+10-b829.9, mixed mode, tiered, compressed oops, compressed class ptrs, g1 gc, windows-amd64)
# No core dump will be written. Minidumps are not enabled by default on client versions of Windows
#

---------------  S U M M A R Y ------------

Command Line: -Djava.rmi.server.hostname=127.0.0.1 -Duser.timezone=UTC -Xmx8192m -Xms128m --add-exports=java.desktop/sun.awt=ALL-UNNAMED --add-exports=java.desktop/java.awt.peer=ALL-UNNAMED --add-opens=java.desktop/java.awt=ALL-UNNAMED --add-opens=jdk.unsupported/sun.misc=ALL-UNNAMED --add-opens=java.base/java.nio=ALL-UNNAMED --add-opens=java.base/java.util=ALL-UNNAMED -Dfile.encoding=UTF-8 com.intellij.database.remote.RemoteJdbcServer com.mysql.cj.jdbc.Driver

Host: AMD Ryzen 7 4800H with Radeon Graphics         , 16 cores, 15G,  Windows 10 , 64 bit Build 19041 (10.0.19041.2913)
Time: Thu Jun  8 17:53:26 2023  Windows 10 , 64 bit Build 19041 (10.0.19041.2913) elapsed time: 0.907005 seconds (0d 0h 0m 0s)

---------------  T H R E A D  ---------------

Current thread (0x0000021ae68b9020):  JavaThread "C2 CompilerThread0" daemon [_thread_in_native, id=13396, stack(0x000000acd0c00000,0x000000acd0d00000)]


Current CompileTask:
C2:    907 2009       4       jdk.internal.org.objectweb.asm.SymbolTable::addConstantMemberReference (147 bytes)

Stack: [0x000000acd0c00000,0x000000acd0d00000]
Native frames: (J=compiled Java code, j=interpreted, Vv=VM code, C=native code)
V  [jvm.dll+0x683c5a]
V  [jvm.dll+0x842764]
V  [jvm.dll+0x843f5e]
V  [jvm.dll+0x8445c3]
V  [jvm.dll+0x249b75]
V  [jvm.dll+0xabcac]
V  [jvm.dll+0xac27c]
V  [jvm.dll+0x368857]
V  [jvm.dll+0x332f31]
V  [jvm.dll+0x3323da]
V  [jvm.dll+0x21c201]
V  [jvm.dll+0x21b621]
V  [jvm.dll+0x1a4fdd]
V  [jvm.dll+0x22b098]
V  [jvm.dll+0x229159]
V  [jvm.dll+0x7f81ac]
V  [jvm.dll+0x7f270a]
V  [jvm.dll+0x682a95]
C  [ucrtbase.dll+0x21bb2]
C  [KERNEL32.DLL+0x17614]
C  [ntdll.dll+0x526a1]


---------------  P R O C E S S  ---------------

Threads class SMR info:
_java_thread_list=0x0000021ae8b2c3f0, length=28, elements={
0x0000021abcd4c870, 0x0000021ae6852260, 0x0000021ae6852fe0, 0x0000021ae688dcb0,
0x0000021ae68a1820, 0x0000021ae68a40f0, 0x0000021ae68a49b0, 0x0000021ae68b9020,
0x0000021ae68be940, 0x0000021ae68d1fb0, 0x0000021ae6a50000, 0x0000021ae6a5a950,
0x0000021ae6a63fa0, 0x0000021ae6baf820, 0x0000021ae6d94290, 0x0000021ae6da0280,
0x0000021ae6d8af70, 0x0000021ae6b85fc0, 0x0000021ae6b86490, 0x0000021ae6b86960,
0x0000021ae6f39700, 0x0000021ae6f39bd0, 0x0000021ae6f5f5c0, 0x0000021ae6f5e750,
0x0000021ae6f5d410, 0x0000021ae6f5ec20, 0x0000021ae7031290, 0x0000021ae8a51bb0
}

Java Threads: ( => current thread )
  0x0000021abcd4c870 JavaThread "main" [_thread_blocked, id=16860, stack(0x000000accff00000,0x000000acd0000000)]
  0x0000021ae6852260 JavaThread "Reference Handler" daemon [_thread_blocked, id=10312, stack(0x000000acd0600000,0x000000acd0700000)]
  0x0000021ae6852fe0 JavaThread "Finalizer" daemon [_thread_blocked, id=24444, stack(0x000000acd0700000,0x000000acd0800000)]
  0x0000021ae688dcb0 JavaThread "Signal Dispatcher" daemon [_thread_blocked, id=14904, stack(0x000000acd0800000,0x000000acd0900000)]
  0x0000021ae68a1820 JavaThread "Attach Listener" daemon [_thread_blocked, id=13916, stack(0x000000acd0900000,0x000000acd0a00000)]
  0x0000021ae68a40f0 JavaThread "Service Thread" daemon [_thread_blocked, id=10784, stack(0x000000acd0a00000,0x000000acd0b00000)]
  0x0000021ae68a49b0 JavaThread "Monitor Deflation Thread" daemon [_thread_blocked, id=8800, stack(0x000000acd0b00000,0x000000acd0c00000)]
=>0x0000021ae68b9020 JavaThread "C2 CompilerThread0" daemon [_thread_in_native, id=13396, stack(0x000000acd0c00000,0x000000acd0d00000)]
  0x0000021ae68be940 JavaThread "C1 CompilerThread0" daemon [_thread_blocked, id=22824, stack(0x000000acd0d00000,0x000000acd0e00000)]
  0x0000021ae68d1fb0 JavaThread "Sweeper thread" daemon [_thread_blocked, id=15076, stack(0x000000acd0e00000,0x000000acd0f00000)]
  0x0000021ae6a50000 JavaThread "C1 CompilerThread1" daemon [_thread_in_vm, id=15484, stack(0x000000acd0f00000,0x000000acd1000000)]
  0x0000021ae6a5a950 JavaThread "Common-Cleaner" daemon [_thread_blocked, id=17724, stack(0x000000acd1000000,0x000000acd1100000)]
  0x0000021ae6a63fa0 JavaThread "Notification Thread" daemon [_thread_blocked, id=8564, stack(0x000000acd1100000,0x000000acd1200000)]
  0x0000021ae6baf820 JavaThread "mysql-cj-abandoned-connection-cleanup" daemon [_thread_blocked, id=24208, stack(0x000000acd1300000,0x000000acd1400000)]
  0x0000021ae6d94290 JavaThread "C1 CompilerThread2" daemon [_thread_in_vm, id=12076, stack(0x000000acd1400000,0x000000acd1500000)]
  0x0000021ae6da0280 JavaThread "C2 CompilerThread1" daemon [_thread_in_native, id=1428, stack(0x000000acd1500000,0x000000acd1600000)]
  0x0000021ae6d8af70 JavaThread "RMI TCP Accept-23188" daemon [_thread_in_native, id=2408, stack(0x000000acd1600000,0x000000acd1700000)]
  0x0000021ae6b85fc0 JavaThread "RMI TCP Accept-0" daemon [_thread_in_native, id=8576, stack(0x000000acd1700000,0x000000acd1800000)]
  0x0000021ae6b86490 JavaThread "RMI Reaper" [_thread_blocked, id=14548, stack(0x000000acd1800000,0x000000acd1900000)]
  0x0000021ae6b86960 JavaThread "RMI GC Daemon" daemon [_thread_blocked, id=6292, stack(0x000000acd1900000,0x000000acd1a00000)]
  0x0000021ae6f39700 JavaThread "RMI TCP Connection(1)-127.0.0.1" daemon [_thread_in_native, id=1864, stack(0x000000acd1a00000,0x000000acd1b00000)]
  0x0000021ae6f39bd0 JavaThread "RMI TCP Connection(2)-127.0.0.1" daemon [_thread_in_native, id=6340, stack(0x000000acd1b00000,0x000000acd1c00000)]
  0x0000021ae6f5f5c0 JavaThread "RMI TCP Connection(3)-127.0.0.1" daemon [_thread_in_vm, id=18896, stack(0x000000acd1c00000,0x000000acd1d00000)]
  0x0000021ae6f5e750 JavaThread "RMI Scheduler(0)" daemon [_thread_blocked, id=320, stack(0x000000acd1d00000,0x000000acd1e00000)]
  0x0000021ae6f5d410 JavaThread "RMI TCP Connection(4)-127.0.0.1" daemon [_thread_in_native, id=2840, stack(0x000000acd1e00000,0x000000acd1f00000)]
  0x0000021ae6f5ec20 JavaThread "RMI RenewClean-[127.0.0.1:49703]" daemon [_thread_blocked, id=22572, stack(0x000000acd1f00000,0x000000acd2000000)]
  0x0000021ae7031290 JavaThread "C2 CompilerThread2" daemon [_thread_blocked, id=22336, stack(0x000000acd2000000,0x000000acd2100000)]
  0x0000021ae8a51bb0 JavaThread "C1 CompilerThread3" daemon [_thread_blocked, id=15308, stack(0x000000acd2e00000,0x000000acd2f00000)]

Other Threads:
  0x0000021ae53718d0 VMThread "VM Thread" [stack: 0x000000acd0500000,0x000000acd0600000] [id=23432]
  0x0000021abce1c9b0 WatcherThread [stack: 0x000000acd1200000,0x000000acd1300000] [id=2064]
  0x0000021abcdfef10 GCTaskThread "GC Thread#0" [stack: 0x000000acd0000000,0x000000acd0100000] [id=20156]
  0x0000021ae721dc80 GCTaskThread "GC Thread#1" [stack: 0x000000acd2100000,0x000000acd2200000] [id=1120]
  0x0000021ae723f5d0 GCTaskThread "GC Thread#2" [stack: 0x000000acd2200000,0x000000acd2300000] [id=21404]
  0x0000021ae7244920 GCTaskThread "GC Thread#3" [stack: 0x000000acd2300000,0x000000acd2400000] [id=2888]
  0x0000021ae7fb6580 GCTaskThread "GC Thread#4" [stack: 0x000000acd2400000,0x000000acd2500000] [id=20664]
  0x0000021ae7fb6830 GCTaskThread "GC Thread#5" [stack: 0x000000acd2500000,0x000000acd2600000] [id=20568]
  0x0000021ae72a90f0 GCTaskThread "GC Thread#6" [stack: 0x000000acd2600000,0x000000acd2700000] [id=16660]
  0x0000021ae72a93a0 GCTaskThread "GC Thread#7" [stack: 0x000000acd2700000,0x000000acd2800000] [id=21468]
  0x0000021ae850bba0 GCTaskThread "GC Thread#8" [stack: 0x000000acd2800000,0x000000acd2900000] [id=888]
  0x0000021ae81e8860 GCTaskThread "GC Thread#9" [stack: 0x000000acd2900000,0x000000acd2a00000] [id=22124]
  0x0000021ae8219030 GCTaskThread "GC Thread#10" [stack: 0x000000acd2a00000,0x000000acd2b00000] [id=11356]
  0x0000021ae7fb2f20 GCTaskThread "GC Thread#11" [stack: 0x000000acd2b00000,0x000000acd2c00000] [id=17832]
  0x0000021abce10370 ConcurrentGCThread "G1 Main Marker" [stack: 0x000000acd0100000,0x000000acd0200000] [id=17016]
  0x0000021abce10c90 ConcurrentGCThread "G1 Conc#0" [stack: 0x000000acd0200000,0x000000acd0300000] [id=15556]
  0x0000021ae98dfa90 ConcurrentGCThread "G1 Conc#1" [stack: 0x000000acd2c00000,0x000000acd2d00000] [id=4136]
  0x0000021ae83fc480 ConcurrentGCThread "G1 Conc#2" [stack: 0x000000acd2d00000,0x000000acd2e00000] [id=20684]
  0x0000021ae5221100 ConcurrentGCThread "G1 Refine#0" [stack: 0x000000acd0300000,0x000000acd0400000] [id=15280]
  0x0000021ae5221930 ConcurrentGCThread "G1 Service" [stack: 0x000000acd0400000,0x000000acd0500000] [id=18840]

Threads with active compile tasks:
C2 CompilerThread0      919 2009       4       jdk.internal.org.objectweb.asm.SymbolTable::addConstantMemberReference (147 bytes)
C2 CompilerThread1      919 1981       4       jdk.internal.org.objectweb.asm.Frame::execute (2305 bytes)

VM state: not at safepoint (normal execution)

VM Mutex/Monitor currently owned by a thread: None

Heap address: 0x0000000600000000, size: 8192 MB, Compressed Oops mode: Zero based, Oop shift amount: 3

CDS archive(s) not mapped
Compressed class space mapped at: 0x0000000800000000-0x0000000840000000, reserved size: 1073741824
Narrow klass base: 0x0000000800000000, Narrow klass shift: 0, Narrow klass range: 0x40000000

GC Precious Log:
 CPUs: 16 total, 16 available
 Memory: 15789M
 Large Page Support: Disabled
 NUMA Support: Disabled
 Compressed Oops: Enabled (Zero based)
 Heap Region Size: 4M
 Heap Min Capacity: 128M
 Heap Initial Capacity: 128M
 Heap Max Capacity: 8G
 Pre-touch: Disabled
 Parallel Workers: 13
 Concurrent Workers: 3
 Concurrent Refinement Workers: 13
 Periodic GC: Disabled

Heap:
 garbage-first heap   total 131072K, used 10094K [0x0000000600000000, 0x0000000800000000)
  region size 4096K, 3 young (12288K), 1 survivors (4096K)
 Metaspace       used 22950K, committed 23232K, reserved 1073152K
  class space    used 2424K, committed 2560K, reserved 1048576K

Heap Regions: E=young(eden), S=young(survivor), O=old, HS=humongous(starts), HC=humongous(continues), CS=collection set, F=free, OA=open archive, CA=closed archive, TAMS=top-at-mark-start (previous, next)
|   0|0x0000000600000000, 0x0000000600400000, 0x0000000600400000|100%| O|  |TAMS 0x0000000600042200, 0x0000000600000000| Untracked 
|   1|0x0000000600400000, 0x0000000600425e00, 0x0000000600800000|  3%| O|  |TAMS 0x0000000600400000, 0x0000000600400000| Untracked 
|   2|0x0000000600800000, 0x0000000600800000, 0x0000000600c00000|  0%| F|  |TAMS 0x0000000600800000, 0x0000000600800000| Untracked 
|   3|0x0000000600c00000, 0x0000000600c00000, 0x0000000601000000|  0%| F|  |TAMS 0x0000000600c00000, 0x0000000600c00000| Untracked 
|   4|0x0000000601000000, 0x0000000601000000, 0x0000000601400000|  0%| F|  |TAMS 0x0000000601000000, 0x0000000601000000| Untracked 
|   5|0x0000000601400000, 0x0000000601400000, 0x0000000601800000|  0%| F|  |TAMS 0x0000000601400000, 0x0000000601400000| Untracked 
|   6|0x0000000601800000, 0x0000000601800000, 0x0000000601c00000|  0%| F|  |TAMS 0x0000000601800000, 0x0000000601800000| Untracked 
|   7|0x0000000601c00000, 0x0000000601c00000, 0x0000000602000000|  0%| F|  |TAMS 0x0000000601c00000, 0x0000000601c00000| Untracked 
|   8|0x0000000602000000, 0x0000000602000000, 0x0000000602400000|  0%| F|  |TAMS 0x0000000602000000, 0x0000000602000000| Untracked 
|   9|0x0000000602400000, 0x0000000602400000, 0x0000000602800000|  0%| F|  |TAMS 0x0000000602400000, 0x0000000602400000| Untracked 
|  10|0x0000000602800000, 0x0000000602800000, 0x0000000602c00000|  0%| F|  |TAMS 0x0000000602800000, 0x0000000602800000| Untracked 
|  11|0x0000000602c00000, 0x0000000602c00000, 0x0000000603000000|  0%| F|  |TAMS 0x0000000602c00000, 0x0000000602c00000| Untracked 
|  12|0x0000000603000000, 0x0000000603000000, 0x0000000603400000|  0%| F|  |TAMS 0x0000000603000000, 0x0000000603000000| Untracked 
|  13|0x0000000603400000, 0x0000000603400000, 0x0000000603800000|  0%| F|  |TAMS 0x0000000603400000, 0x0000000603400000| Untracked 
|  14|0x0000000603800000, 0x0000000603800000, 0x0000000603c00000|  0%| F|  |TAMS 0x0000000603800000, 0x0000000603800000| Untracked 
|  15|0x0000000603c00000, 0x0000000603c00000, 0x0000000604000000|  0%| F|  |TAMS 0x0000000603c00000, 0x0000000603c00000| Untracked 
|  16|0x0000000604000000, 0x0000000604000000, 0x0000000604400000|  0%| F|  |TAMS 0x0000000604000000, 0x0000000604000000| Untracked 
|  17|0x0000000604400000, 0x0000000604400000, 0x0000000604800000|  0%| F|  |TAMS 0x0000000604400000, 0x0000000604400000| Untracked 
|  18|0x0000000604800000, 0x0000000604800000, 0x0000000604c00000|  0%| F|  |TAMS 0x0000000604800000, 0x0000000604800000| Untracked 
|  19|0x0000000604c00000, 0x0000000604c00000, 0x0000000605000000|  0%| F|  |TAMS 0x0000000604c00000, 0x0000000604c00000| Untracked 
|  20|0x0000000605000000, 0x0000000605000000, 0x0000000605400000|  0%| F|  |TAMS 0x0000000605000000, 0x0000000605000000| Untracked 
|  21|0x0000000605400000, 0x0000000605400000, 0x0000000605800000|  0%| F|  |TAMS 0x0000000605400000, 0x0000000605400000| Untracked 
|  22|0x0000000605800000, 0x0000000605800000, 0x0000000605c00000|  0%| F|  |TAMS 0x0000000605800000, 0x0000000605800000| Untracked 
|  23|0x0000000605c00000, 0x0000000605c00000, 0x0000000606000000|  0%| F|  |TAMS 0x0000000605c00000, 0x0000000605c00000| Untracked 
|  24|0x0000000606000000, 0x0000000606000000, 0x0000000606400000|  0%| F|  |TAMS 0x0000000606000000, 0x0000000606000000| Untracked 
|  25|0x0000000606400000, 0x0000000606400000, 0x0000000606800000|  0%| F|  |TAMS 0x0000000606400000, 0x0000000606400000| Untracked 
|  26|0x0000000606800000, 0x0000000606800000, 0x0000000606c00000|  0%| F|  |TAMS 0x0000000606800000, 0x0000000606800000| Untracked 
|  27|0x0000000606c00000, 0x0000000606c00000, 0x0000000607000000|  0%| F|  |TAMS 0x0000000606c00000, 0x0000000606c00000| Untracked 
|  28|0x0000000607000000, 0x0000000607000000, 0x0000000607400000|  0%| F|  |TAMS 0x0000000607000000, 0x0000000607000000| Untracked 
|  29|0x0000000607400000, 0x00000006075b5a88, 0x0000000607800000| 42%| S|CS|TAMS 0x0000000607400000, 0x0000000607400000| Complete 
|  30|0x0000000607800000, 0x0000000607bfa398, 0x0000000607c00000| 99%| E|  |TAMS 0x0000000607800000, 0x0000000607800000| Complete 
|  31|0x0000000607c00000, 0x0000000608000000, 0x0000000608000000|100%| E|CS|TAMS 0x0000000607c00000, 0x0000000607c00000| Complete 

Card table byte_map: [0x0000021ad0d70000,0x0000021ad1d70000] _byte_map_base: 0x0000021acdd70000

Marking Bits (Prev, Next): (CMBitMap*) 0x0000021abcdff470, (CMBitMap*) 0x0000021abcdff430
 Prev Bits: [0x0000021adad70000, 0x0000021ae2d70000)
 Next Bits: [0x0000021ad2d70000, 0x0000021adad70000)

Polling page: 0x0000021abacc0000

Metaspace:

Usage:
  Non-class:     20.05 MB used.
      Class:      2.37 MB used.
       Both:     22.42 MB used.

Virtual space:
  Non-class space:       24.00 MB reserved,      20.19 MB ( 84%) committed,  3 nodes.
      Class space:        1.00 GB reserved,       2.50 MB ( <1%) committed,  1 nodes.
             Both:        1.02 GB reserved,      22.69 MB (  2%) committed. 

Chunk freelists:
   Non-Class:  2.88 MB
       Class:  1.47 MB
        Both:  4.35 MB

MaxMetaspaceSize: unlimited
CompressedClassSpaceSize: 1.00 GB
Initial GC threshold: 21.00 MB
Current GC threshold: 35.12 MB
CDS: off
MetaspaceReclaimPolicy: balanced
 - commit_granule_bytes: 65536.
 - commit_granule_words: 8192.
 - virtual_space_node_default_size: 1048576.
 - enlarge_chunks_in_place: 1.
 - new_chunks_are_fully_committed: 0.
 - uncommit_free_chunks: 1.
 - use_allocation_guard: 0.
 - handle_deallocations: 1.


Internal statistics:

num_allocs_failed_limit: 3.
num_arena_births: 294.
num_arena_deaths: 0.
num_vsnodes_births: 4.
num_vsnodes_deaths: 0.
num_space_committed: 363.
num_space_uncommitted: 0.
num_chunks_returned_to_freelist: 3.
num_chunks_taken_from_freelist: 635.
num_chunk_merges: 0.
num_chunk_splits: 373.
num_chunks_enlarged: 188.
num_purges: 0.
num_inconsistent_stats: 0.

CodeHeap 'non-profiled nmethods': size=119168Kb used=663Kb max_used=663Kb free=118504Kb
 bounds [0x0000021ac8060000, 0x0000021ac82d0000, 0x0000021acf4c0000]
CodeHeap 'profiled nmethods': size=119104Kb used=4158Kb max_used=4158Kb free=114945Kb
 bounds [0x0000021ac04c0000, 0x0000021ac08d0000, 0x0000021ac7910000]
CodeHeap 'non-nmethods': size=7488Kb used=2939Kb max_used=2974Kb free=4548Kb
 bounds [0x0000021ac7910000, 0x0000021ac7c00000, 0x0000021ac8060000]
 total_blobs=2659 nmethods=2102 adapters=466
 compilation: enabled
              stopped_count=0, restarted_count=0
 full_count=0

Compilation events (20 events):
Event: 0.901 Thread 0x0000021ae6a50000 nmethod 2076 0x0000021ac08bce90 code [0x0000021ac08bd560, 0x0000021ac08c12f8]
Event: 0.902 Thread 0x0000021ae8a51bb0 2082       3       sun.nio.ch.NioSocketImpl$1::read (11 bytes)
Event: 0.902 Thread 0x0000021ae6d94290 2083   !   3       sun.nio.ch.NioSocketImpl::implRead (220 bytes)
Event: 0.902 Thread 0x0000021ae6a50000 2084       3       java.net.Socket$SocketInputStream::read (11 bytes)
Event: 0.902 Thread 0x0000021ae8a51bb0 nmethod 2082 0x0000021ac08c2a10 code [0x0000021ac08c2bc0, 0x0000021ac08c2d08]
Event: 0.902 Thread 0x0000021ae8a51bb0 2085   !   3       sun.nio.ch.NioSocketImpl::read (96 bytes)
Event: 0.902 Thread 0x0000021ae6a50000 nmethod 2084 0x0000021ac08c2e10 code [0x0000021ac08c2fc0, 0x0000021ac08c31a8]
Event: 0.902 Thread 0x0000021ae6a50000 2086   !   3       sun.nio.ch.NioSocketImpl::beginRead (30 bytes)
Event: 0.902 Thread 0x0000021ae6a50000 nmethod 2086 0x0000021ac08c3290 code [0x0000021ac08c3440, 0x0000021ac08c36e8]
Event: 0.902 Thread 0x0000021ae6a50000 2087       3       java.security.AccessController::executePrivileged (65 bytes)
Event: 0.902 Thread 0x0000021ae68be940 nmethod 2081 0x0000021ac08c3810 code [0x0000021ac08c3c40, 0x0000021ac08c58f8]
Event: 0.903 Thread 0x0000021ae6a50000 nmethod 2087 0x0000021ac08c6790 code [0x0000021ac08c6960, 0x0000021ac08c6c58]
Event: 0.903 Thread 0x0000021ae8a51bb0 nmethod 2085 0x0000021ac08c6d90 code [0x0000021ac08c7040, 0x0000021ac08c7ff8]
Event: 0.903 Thread 0x0000021ae6d94290 nmethod 2083 0x0000021ac08c8590 code [0x0000021ac08c8860, 0x0000021ac08c9748]
Event: 0.903 Thread 0x0000021ae6d94290 2088       1       com.mysql.cj.result.Field::getMysqlType (5 bytes)
Event: 0.904 Thread 0x0000021ae6d94290 nmethod 2088 0x0000021ac8104910 code [0x0000021ac8104aa0, 0x0000021ac8104b78]
Event: 0.904 Thread 0x0000021ae6d94290 2089       3       java.io.ObjectInputStream::readShort (8 bytes)
Event: 0.904 Thread 0x0000021ae6d94290 nmethod 2089 0x0000021ac08c9f90 code [0x0000021ac08ca140, 0x0000021ac08ca2a8]
Event: 0.905 Thread 0x0000021ae6a50000 2090       3       java.io.ObjectInputStream$BlockDataInputStream::read (138 bytes)
Event: 0.905 Thread 0x0000021ae6a50000 nmethod 2090 0x0000021ac08ca390 code [0x0000021ac08ca5c0, 0x0000021ac08cad08]

GC Heap History (4 events):
Event: 0.531 GC heap before
{Heap before GC invocations=0 (full 0):
 garbage-first heap   total 131072K, used 20480K [0x0000000600000000, 0x0000000800000000)
  region size 4096K, 5 young (20480K), 0 survivors (0K)
 Metaspace       used 15453K, committed 15744K, reserved 1064960K
  class space    used 1608K, committed 1792K, reserved 1048576K
}
Event: 0.535 GC heap after
{Heap after GC invocations=1 (full 0):
 garbage-first heap   total 131072K, used 4360K [0x0000000600000000, 0x0000000800000000)
  region size 4096K, 1 young (4096K), 1 survivors (4096K)
 Metaspace       used 15453K, committed 15744K, reserved 1064960K
  class space    used 1608K, committed 1792K, reserved 1048576K
}
Event: 0.751 GC heap before
{Heap before GC invocations=1 (full 0):
 garbage-first heap   total 131072K, used 8456K [0x0000000600000000, 0x0000000800000000)
  region size 4096K, 3 young (12288K), 1 survivors (4096K)
 Metaspace       used 21254K, committed 21504K, reserved 1073152K
  class space    used 2289K, committed 2432K, reserved 1048576K
}
Event: 0.754 GC heap after
{Heap after GC invocations=2 (full 0):
 garbage-first heap   total 131072K, used 5998K [0x0000000600000000, 0x0000000800000000)
  region size 4096K, 1 young (4096K), 1 survivors (4096K)
 Metaspace       used 21254K, committed 21504K, reserved 1073152K
  class space    used 2289K, committed 2432K, reserved 1048576K
}

Dll operation events (1 events):
Event: 0.006 Loaded shared library D:\Tranlsater\IntelliJ IDEA\jbr\bin\java.dll

Deoptimization events (20 events):
Event: 0.807 Thread 0x0000021ae6f5f5c0 DEOPT PACKING pc=0x0000021ac80e56bc sp=0x000000acd1cfd4b0
Event: 0.807 Thread 0x0000021ae6f5f5c0 DEOPT UNPACKING pc=0x0000021ac79669a3 sp=0x000000acd1cfd458 mode 2
Event: 0.825 Thread 0x0000021ae6f5f5c0 DEOPT PACKING pc=0x0000021ac060b7be sp=0x000000acd1cfe2a0
Event: 0.825 Thread 0x0000021ae6f5f5c0 DEOPT UNPACKING pc=0x0000021ac7967143 sp=0x000000acd1cfd718 mode 0
Event: 0.837 Thread 0x0000021ae6f5f5c0 Uncommon trap: trap_request=0xffffff45 fr.pc=0x0000021ac808bbbc relative=0x000000000000061c
Event: 0.837 Thread 0x0000021ae6f5f5c0 Uncommon trap: reason=unstable_if action=reinterpret pc=0x0000021ac808bbbc method=java.lang.AbstractStringBuilder.append(Ljava/lang/String;)Ljava/lang/AbstractStringBuilder; @ 1 c2
Event: 0.837 Thread 0x0000021ae6f5f5c0 DEOPT PACKING pc=0x0000021ac808bbbc sp=0x000000acd1cfdca0
Event: 0.837 Thread 0x0000021ae6f5f5c0 DEOPT UNPACKING pc=0x0000021ac79669a3 sp=0x000000acd1cfdc30 mode 2
Event: 0.838 Thread 0x0000021ae6f5f5c0 Uncommon trap: trap_request=0xffffff45 fr.pc=0x0000021ac80b7b24 relative=0x0000000000000604
Event: 0.838 Thread 0x0000021ae6f5f5c0 Uncommon trap: reason=unstable_if action=reinterpret pc=0x0000021ac80b7b24 method=java.lang.AbstractStringBuilder.append(Ljava/lang/String;)Ljava/lang/AbstractStringBuilder; @ 1 c2
Event: 0.838 Thread 0x0000021ae6f5f5c0 DEOPT PACKING pc=0x0000021ac80b7b24 sp=0x000000acd1cfdc50
Event: 0.838 Thread 0x0000021ae6f5f5c0 DEOPT UNPACKING pc=0x0000021ac79669a3 sp=0x000000acd1cfdc38 mode 2
Event: 0.864 Thread 0x0000021ae6f5f5c0 DEOPT PACKING pc=0x0000021ac05610f2 sp=0x000000acd1cfd750
Event: 0.864 Thread 0x0000021ae6f5f5c0 DEOPT UNPACKING pc=0x0000021ac7967143 sp=0x000000acd1cfcbc8 mode 0
Event: 0.865 Thread 0x0000021ae6f5f5c0 DEOPT PACKING pc=0x0000021ac05610f2 sp=0x000000acd1cfd8b0
Event: 0.865 Thread 0x0000021ae6f5f5c0 DEOPT UNPACKING pc=0x0000021ac7967143 sp=0x000000acd1cfcd28 mode 0
Event: 0.888 Thread 0x0000021ae6f5f5c0 DEOPT PACKING pc=0x0000021ac07830be sp=0x000000acd1cfcf10
Event: 0.888 Thread 0x0000021ae6f5f5c0 DEOPT UNPACKING pc=0x0000021ac7967143 sp=0x000000acd1cfc340 mode 0
Event: 0.890 Thread 0x0000021ae6f5f5c0 DEOPT PACKING pc=0x0000021ac07830f1 sp=0x000000acd1cfcbe0
Event: 0.890 Thread 0x0000021ae6f5f5c0 DEOPT UNPACKING pc=0x0000021ac7967143 sp=0x000000acd1cfc010 mode 0

Classes unloaded (0 events):
No events

Classes redefined (0 events):
No events

Internal exceptions (20 events):
Event: 0.227 Thread 0x0000021abcd4c870 Exception <a 'java/lang/NoSuchMethodError'{0x00000006079db888}: 'java.lang.Object java.lang.invoke.DirectMethodHandle$Holder.invokeStaticInit(java.lang.Object, int, int, int, int)'> (0x00000006079db888) 
thrown [s\src\hotspot\share\interpreter\linkResolver.cpp, line 771]
Event: 0.263 Thread 0x0000021abcd4c870 Exception <a 'java/lang/NoSuchMethodError'{0x0000000607aaf640}: 'java.lang.Object java.lang.invoke.DirectMethodHandle$Holder.invokeStaticInit(java.lang.Object, java.lang.Object, int, int, int, int)'> (0x0000000607aaf640) 
thrown [s\src\hotspot\share\interpreter\linkResolver.cpp, line 771]
Event: 0.323 Thread 0x0000021abcd4c870 Exception <a 'java/lang/NoSuchMethodError'{0x00000006075c3dd0}: 'java.lang.Object java.lang.invoke.Invokers$Holder.linkToTargetMethod(java.lang.Object, long, java.lang.Object)'> (0x00000006075c3dd0) 
thrown [s\src\hotspot\share\interpreter\linkResolver.cpp, line 771]
Event: 0.362 Thread 0x0000021ae6f5d410 Exception <a 'java/lang/NoSuchMethodError'{0x00000006077bf5b8}: static [B.<clinit>()V> (0x00000006077bf5b8) 
thrown [s\src\hotspot\share\prims\jni.cpp, line 1108]
Event: 0.362 Thread 0x0000021ae6f5f5c0 Exception <a 'java/lang/NoSuchMethodError'{0x00000006077573b8}: static [B.<clinit>()V> (0x00000006077573b8) 
thrown [s\src\hotspot\share\prims\jni.cpp, line 1108]
Event: 0.372 Thread 0x0000021ae6f5f5c0 Exception <a 'java/lang/NoSuchMethodError'{0x0000000607784cb8}: static [Ljava/rmi/server/ObjID;.<clinit>()V> (0x0000000607784cb8) 
thrown [s\src\hotspot\share\prims\jni.cpp, line 1108]
Event: 0.374 Thread 0x0000021ae6f5ec20 Exception <a 'java/lang/InterruptedException'{0x0000000607066f18}> (0x0000000607066f18) 
thrown [s\src\hotspot\share\runtime\objectMonitor.cpp, line 1648]
Event: 0.374 Thread 0x0000021ae6f5f5c0 Exception <a 'java/lang/NoSuchMethodError'{0x000000060778c4f0}: 'void java.lang.invoke.DirectMethodHandle$Holder.invokeSpecial(java.lang.Object, java.lang.Object, java.lang.Object)'> (0x000000060778c4f0) 
thrown [s\src\hotspot\share\interpreter\linkResolver.cpp, line 771]
Event: 0.375 Thread 0x0000021ae6f5f5c0 Exception <a 'java/lang/NoSuchMethodError'{0x000000060778fa58}: 'void java.lang.invoke.Invokers$Holder.invoke_MT(java.lang.Object, java.lang.Object, java.lang.Object)'> (0x000000060778fa58) 
thrown [s\src\hotspot\share\interpreter\linkResolver.cpp, line 771]
Event: 0.375 Thread 0x0000021ae6f5ec20 Exception <a 'java/lang/NoSuchMethodError'{0x000000060706f6c0}: 'java.lang.Object java.lang.invoke.DirectMethodHandle$Holder.newInvokeSpecial(java.lang.Object, java.lang.Object, int, java.lang.Object, long)'> (0x000000060706f6c0) 
thrown [s\src\hotspot\share\interpreter\linkResolver.cpp, line 771]
Event: 0.438 Thread 0x0000021ae6f5f5c0 Exception <a 'java/lang/NoSuchMethodError'{0x0000000607315e80}: 'java.lang.Object java.lang.invoke.DirectMethodHandle$Holder.invokeInterface(java.lang.Object, java.lang.Object)'> (0x0000000607315e80) 
thrown [s\src\hotspot\share\interpreter\linkResolver.cpp, line 771]
Event: 0.458 Thread 0x0000021ae6f5f5c0 Exception <a 'java/lang/NoSuchMethodError'{0x00000006073a03b8}: 'java.lang.Object java.lang.invoke.DirectMethodHandle$Holder.invokeVirtual(java.lang.Object, java.lang.Object, java.lang.Object)'> (0x00000006073a03b8) 
thrown [s\src\hotspot\share\interpreter\linkResolver.cpp, line 771]
Event: 0.526 Thread 0x0000021ae6f5f5c0 Exception <a 'java/lang/NoSuchMethodError'{0x0000000606fbe1a0}: 'void java.lang.invoke.DirectMethodHandle$Holder.invokeStaticInit(java.lang.Object, java.lang.Object)'> (0x0000000606fbe1a0) 
thrown [s\src\hotspot\share\interpreter\linkResolver.cpp, line 771]
Event: 0.578 Thread 0x0000021ae6f5f5c0 Exception <a 'sun/nio/fs/WindowsException'{0x0000000607deaba8}> (0x0000000607deaba8) 
thrown [s\src\hotspot\share\prims\jni.cpp, line 517]
Event: 0.586 Thread 0x0000021ae6f5f5c0 Exception <a 'java/lang/NoSuchMethodError'{0x0000000607e0edb8}: 'int java.lang.invoke.DirectMethodHandle$Holder.invokeStaticInit(java.lang.Object, java.lang.Object, java.lang.Object, java.lang.Object)'> (0x0000000607e0edb8) 
thrown [s\src\hotspot\share\interpreter\linkResolver.cpp, line 771]
Event: 0.587 Thread 0x0000021ae6f5f5c0 Exception <a 'java/lang/IncompatibleClassChangeError'{0x0000000607e45948}: Found class java.lang.Object, but interface was expected> (0x0000000607e45948) 
thrown [s\src\hotspot\share\interpreter\linkResolver.cpp, line 838]
Event: 0.587 Thread 0x0000021ae6f5f5c0 Exception <a 'java/lang/NoSuchMethodError'{0x0000000607e4ae50}: 'int java.lang.invoke.DirectMethodHandle$Holder.invokeStaticInit(java.lang.Object, java.lang.Object)'> (0x0000000607e4ae50) 
thrown [s\src\hotspot\share\interpreter\linkResolver.cpp, line 771]
Event: 0.782 Thread 0x0000021ae6f5f5c0 Exception <a 'java/lang/NoSuchMethodError'{0x0000000607e61308}: 'java.lang.Object java.lang.invoke.DirectMethodHandle$Holder.newInvokeSpecial(java.lang.Object, java.lang.Object, int)'> (0x0000000607e61308) 
thrown [s\src\hotspot\share\interpreter\linkResolver.cpp, line 771]
Event: 0.837 Thread 0x0000021ae6f5f5c0 Implicit null exception at 0x0000021ac808b5d5 to 0x0000021ac808bba4
Event: 0.838 Thread 0x0000021ae6f5f5c0 Implicit null exception at 0x0000021ac80b7552 to 0x0000021ac80b7b0c

VM Operations (20 events):
Event: 0.190 Executing VM operation: HandshakeAllThreads
Event: 0.190 Executing VM operation: HandshakeAllThreads done
Event: 0.386 Executing VM operation: HandshakeAllThreads
Event: 0.386 Executing VM operation: HandshakeAllThreads done
Event: 0.531 Executing VM operation: G1CollectForAllocation
Event: 0.535 Executing VM operation: G1CollectForAllocation done
Event: 0.558 Executing VM operation: HandshakeAllThreads
Event: 0.558 Executing VM operation: HandshakeAllThreads done
Event: 0.579 Executing VM operation: HandshakeAllThreads
Event: 0.579 Executing VM operation: HandshakeAllThreads done
Event: 0.583 Executing VM operation: HandshakeAllThreads
Event: 0.583 Executing VM operation: HandshakeAllThreads done
Event: 0.698 Executing VM operation: HandshakeAllThreads
Event: 0.698 Executing VM operation: HandshakeAllThreads done
Event: 0.750 Executing VM operation: CollectForMetadataAllocation
Event: 0.754 Executing VM operation: CollectForMetadataAllocation done
Event: 0.756 Executing VM operation: G1Concurrent
Event: 0.757 Executing VM operation: G1Concurrent done
Event: 0.758 Executing VM operation: G1Concurrent
Event: 0.758 Executing VM operation: G1Concurrent done

Events (20 events):
Event: 0.778 loading class sun/util/resources/Bundles$BundleReference
Event: 0.778 loading class sun/util/resources/Bundles$CacheKeyReference
Event: 0.778 loading class sun/util/resources/Bundles$CacheKeyReference done
Event: 0.778 loading class sun/util/resources/Bundles$BundleReference done
Event: 0.778 loading class sun/util/locale/provider/LocaleResources$ResourceReference
Event: 0.778 loading class sun/util/locale/provider/LocaleResources$ResourceReference done
Event: 0.780 loading class java/time/format/DateTimeParseException
Event: 0.780 loading class java/time/DateTimeException
Event: 0.780 loading class java/time/DateTimeException done
Event: 0.780 loading class java/time/format/DateTimeParseException done
Event: 0.799 loading class jdk/internal/reflect/UnsafeQualifiedStaticObjectFieldAccessorImpl
Event: 0.799 loading class jdk/internal/reflect/UnsafeQualifiedStaticObjectFieldAccessorImpl done
Event: 0.800 loading class java/util/stream/IntStream
Event: 0.800 loading class java/util/stream/IntStream done
Event: 0.800 loading class java/nio/charset/CharacterCodingException
Event: 0.800 loading class java/nio/charset/CharacterCodingException done
Event: 0.823 loading class java/util/AbstractList$ListItr
Event: 0.823 loading class java/util/AbstractList$ListItr done
Event: 0.829 loading class java/util/function/UnaryOperator
Event: 0.829 loading class java/util/function/UnaryOperator done


Dynamic libraries:
0x00007ff653e40000 - 0x00007ff653e4a000 	D:\Tranlsater\IntelliJ IDEA\jbr\bin\java.exe
0x00007ffaa1870000 - 0x00007ffaa1a68000 	C:\Windows\SYSTEM32\ntdll.dll
0x00007ffaa0640000 - 0x00007ffaa06ff000 	C:\Windows\System32\KERNEL32.DLL
0x00007ffa9f300000 - 0x00007ffa9f5f6000 	C:\Windows\System32\KERNELBASE.dll
0x00007ffa9f0e0000 - 0x00007ffa9f1e0000 	C:\Windows\System32\ucrtbase.dll
0x00007ffa9ae30000 - 0x00007ffa9ae47000 	D:\Tranlsater\IntelliJ IDEA\jbr\bin\jli.dll
0x00007ffa97fb0000 - 0x00007ffa97fcb000 	D:\Tranlsater\IntelliJ IDEA\jbr\bin\VCRUNTIME140.dll
0x00007ffa9ffa0000 - 0x00007ffaa013d000 	C:\Windows\System32\USER32.dll
0x00007ffa9f0b0000 - 0x00007ffa9f0d2000 	C:\Windows\System32\win32u.dll
0x00007ffa8c3b0000 - 0x00007ffa8c64a000 	C:\Windows\WinSxS\amd64_microsoft.windows.common-controls_6595b64144ccf1df_6.0.19041.1110_none_60b5254171f9507e\COMCTL32.dll
0x00007ffaa1670000 - 0x00007ffaa170e000 	C:\Windows\System32\msvcrt.dll
0x00007ffaa0610000 - 0x00007ffaa063c000 	C:\Windows\System32\GDI32.dll
0x00007ffa9f1e0000 - 0x00007ffa9f2f5000 	C:\Windows\System32\gdi32full.dll
0x00007ffa9f600000 - 0x00007ffa9f69d000 	C:\Windows\System32\msvcp_win.dll
0x00007ffaa08a0000 - 0x00007ffaa08d0000 	C:\Windows\System32\IMM32.DLL
0x00007ffa9aec0000 - 0x00007ffa9aecc000 	D:\Tranlsater\IntelliJ IDEA\jbr\bin\vcruntime140_1.dll
0x00007ffa759e0000 - 0x00007ffa75a6d000 	D:\Tranlsater\IntelliJ IDEA\jbr\bin\msvcp140.dll
0x00007ffa64e90000 - 0x00007ffa65afe000 	D:\Tranlsater\IntelliJ IDEA\jbr\bin\server\jvm.dll
0x00007ffaa0d30000 - 0x00007ffaa0ddf000 	C:\Windows\System32\ADVAPI32.dll
0x00007ffaa0780000 - 0x00007ffaa081c000 	C:\Windows\System32\sechost.dll
0x00007ffa9f8d0000 - 0x00007ffa9f9f6000 	C:\Windows\System32\RPCRT4.dll
0x00007ffa95420000 - 0x00007ffa95447000 	C:\Windows\SYSTEM32\WINMM.dll
0x00007ffa9c740000 - 0x00007ffa9c749000 	C:\Windows\SYSTEM32\WSOCK32.dll
0x00007ffa98da0000 - 0x00007ffa98daa000 	C:\Windows\SYSTEM32\VERSION.dll
0x00007ffaa08d0000 - 0x00007ffaa093b000 	C:\Windows\System32\WS2_32.dll
0x00007ffa9ce10000 - 0x00007ffa9ce22000 	C:\Windows\SYSTEM32\kernel.appcore.dll
0x00007ffa9c450000 - 0x00007ffa9c45a000 	D:\Tranlsater\IntelliJ IDEA\jbr\bin\jimage.dll
0x00007ffa8d960000 - 0x00007ffa8db44000 	C:\Windows\SYSTEM32\DBGHELP.DLL
0x00007ffa88270000 - 0x00007ffa882a4000 	C:\Windows\SYSTEM32\dbgcore.DLL
0x00007ffa9f6f0000 - 0x00007ffa9f772000 	C:\Windows\System32\bcryptPrimitives.dll
0x00007ffa9add0000 - 0x00007ffa9adf5000 	D:\Tranlsater\IntelliJ IDEA\jbr\bin\java.dll
0x00007ffa9adb0000 - 0x00007ffa9adc8000 	D:\Tranlsater\IntelliJ IDEA\jbr\bin\zip.dll
0x00007ffaa0f20000 - 0x00007ffaa1664000 	C:\Windows\System32\SHELL32.dll
0x00007ffa9d010000 - 0x00007ffa9d7a3000 	C:\Windows\SYSTEM32\windows.storage.dll
0x00007ffa9fc40000 - 0x00007ffa9ff94000 	C:\Windows\System32\combase.dll
0x00007ffa9e9b0000 - 0x00007ffa9e9de000 	C:\Windows\SYSTEM32\Wldp.dll
0x00007ffa9fb90000 - 0x00007ffa9fc3d000 	C:\Windows\System32\SHCORE.dll
0x00007ffaa0a30000 - 0x00007ffaa0a85000 	C:\Windows\System32\shlwapi.dll
0x00007ffa9ee90000 - 0x00007ffa9eeaf000 	C:\Windows\SYSTEM32\profapi.dll
0x00007ffa9a350000 - 0x00007ffa9a369000 	D:\Tranlsater\IntelliJ IDEA\jbr\bin\net.dll
0x00007ffa98690000 - 0x00007ffa9879a000 	C:\Windows\SYSTEM32\WINHTTP.dll
0x00007ffa9e710000 - 0x00007ffa9e77a000 	C:\Windows\system32\mswsock.dll
0x00007ffa987a0000 - 0x00007ffa987b6000 	D:\Tranlsater\IntelliJ IDEA\jbr\bin\nio.dll
0x00007ffa9e3b0000 - 0x00007ffa9e3ec000 	C:\Windows\SYSTEM32\IPHLPAPI.DLL
0x00007ffaa0f10000 - 0x00007ffaa0f18000 	C:\Windows\System32\NSI.dll
0x00007ffa98db0000 - 0x00007ffa98dc7000 	C:\Windows\SYSTEM32\dhcpcsvc6.DLL
0x00007ffa97a90000 - 0x00007ffa97aad000 	C:\Windows\SYSTEM32\dhcpcsvc.DLL
0x00007ffa9e400000 - 0x00007ffa9e4cb000 	C:\Windows\SYSTEM32\DNSAPI.dll
0x00007ffa9e910000 - 0x00007ffa9e928000 	C:\Windows\SYSTEM32\CRYPTSP.dll
0x00007ffa9dfc0000 - 0x00007ffa9dff4000 	C:\Windows\system32\rsaenh.dll
0x00007ffa9f8a0000 - 0x00007ffa9f8c7000 	C:\Windows\System32\bcrypt.dll
0x00007ffa9ee50000 - 0x00007ffa9ee7e000 	C:\Windows\SYSTEM32\USERENV.dll
0x00007ffa9e900000 - 0x00007ffa9e90c000 	C:\Windows\SYSTEM32\CRYPTBASE.dll
0x00007ffa98030000 - 0x00007ffa98037000 	D:\Tranlsater\IntelliJ IDEA\jbr\bin\rmi.dll
0x00007ffa97740000 - 0x00007ffa9774a000 	C:\Windows\System32\rasadhlp.dll
0x00007ffa939a0000 - 0x00007ffa93a22000 	C:\Windows\System32\fwpuclnt.dll
0x00007ffa980a0000 - 0x00007ffa980ae000 	D:\Tranlsater\IntelliJ IDEA\jbr\bin\sunmscapi.dll
0x00007ffa9ef50000 - 0x00007ffa9f0ae000 	C:\Windows\System32\CRYPT32.dll
0x00007ffa9ea20000 - 0x00007ffa9ea48000 	C:\Windows\SYSTEM32\ncrypt.dll
0x00007ffa9e9e0000 - 0x00007ffa9ea1b000 	C:\Windows\SYSTEM32\NTASN1.dll

dbghelp: loaded successfully - version: 4.0.5 - missing functions: none
symbol engine: initialized successfully - sym options: 0x614 - pdb path: .;D:\Tranlsater\IntelliJ IDEA\jbr\bin;C:\Windows\SYSTEM32;C:\Windows\WinSxS\amd64_microsoft.windows.common-controls_6595b64144ccf1df_6.0.19041.1110_none_60b5254171f9507e;D:\Tranlsater\IntelliJ IDEA\jbr\bin\server

VM Arguments:
jvm_args: -Djava.rmi.server.hostname=127.0.0.1 -Duser.timezone=UTC -Xmx8192m -Xms128m --add-exports=java.desktop/sun.awt=ALL-UNNAMED --add-exports=java.desktop/java.awt.peer=ALL-UNNAMED --add-opens=java.desktop/java.awt=ALL-UNNAMED --add-opens=jdk.unsupported/sun.misc=ALL-UNNAMED --add-opens=java.base/java.nio=ALL-UNNAMED --add-opens=java.base/java.util=ALL-UNNAMED -Dfile.encoding=UTF-8 
java_command: com.intellij.database.remote.RemoteJdbcServer com.mysql.cj.jdbc.Driver
java_class_path (initial): D:\Tranlsater\IntelliJ IDEA\lib\util_rt.jar;D:\Tranlsater\IntelliJ IDEA\lib\util-8.jar;D:\Tranlsater\IntelliJ IDEA\lib\groovy.jar;D:\Tranlsater\IntelliJ IDEA\plugins\DatabaseTools\lib\jdbc-console.jar;D:\Tranlsater\IntelliJ IDEA\plugins\grid-core-impl\lib\jdbc-console-types.jar;D:\Tranlsater\IntelliJ IDEA\lib\util.jar;C:\Users\Terminal\AppData\Roaming\JetBrains\IntelliJIdea2023.1\jdbc-drivers\MySQL ConnectorJ\8.0.25\mysql-connector-java-8.0.25.jar
Launcher Type: SUN_STANDARD

[Global flags]
     intx CICompilerCount                          = 12                                        {product} {ergonomic}
     uint ConcGCThreads                            = 3                                         {product} {ergonomic}
     uint G1ConcRefinementThreads                  = 13                                        {product} {ergonomic}
   size_t G1HeapRegionSize                         = 4194304                                   {product} {ergonomic}
    uintx GCDrainStackTargetSize                   = 64                                        {product} {ergonomic}
   size_t InitialHeapSize                          = 134217728                                 {product} {command line}
   size_t MarkStackSize                            = 4194304                                   {product} {ergonomic}
   size_t MaxHeapSize                              = 8589934592                                {product} {command line}
   size_t MaxNewSize                               = 5150605312                                {product} {ergonomic}
   size_t MinHeapDeltaBytes                        = 4194304                                   {product} {ergonomic}
   size_t MinHeapSize                              = 134217728                                 {product} {command line}
    uintx NonNMethodCodeHeapSize                   = 7602480                                {pd product} {ergonomic}
    uintx NonProfiledCodeHeapSize                  = 122027880                              {pd product} {ergonomic}
    uintx ProfiledCodeHeapSize                     = 122027880                              {pd product} {ergonomic}
    uintx ReservedCodeCacheSize                    = 251658240                              {pd product} {ergonomic}
     bool SegmentedCodeCache                       = true                                      {product} {ergonomic}
   size_t SoftMaxHeapSize                          = 8589934592                             {manageable} {ergonomic}
     bool UseCompressedClassPointers               = true                           {product lp64_product} {ergonomic}
     bool UseCompressedOops                        = true                           {product lp64_product} {ergonomic}
     bool UseG1GC                                  = true                                      {product} {ergonomic}
     bool UseLargePagesIndividualAllocation        = false                                  {pd product} {ergonomic}

Logging:
Log output configuration:
 #0: stdout all=warning uptime,level,tags
 #1: stderr all=off uptime,level,tags

Environment Variables:
JAVA_HOME=D:\Tranlsater\jdk17
CLASSPATH=.;D:\Tranlsater\jdk17\lib;D:\Tranlsater\jdk17\lib\tools.jar
PATH=D:\Tranlsater\Python311\Scripts\;D:\Tranlsater\Python311\;D:\Tranlsater\VMware\VMware Workstation\bin\;C:\Windows\system32;C:\Windows;C:\Windows\System32\Wbem;C:\Windows\System32\WindowsPowerShell\v1.0\;C:\Windows\System32\OpenSSH\;D:\MySoftWare\Bandizip\;D:\Tranlsater\Microsoft VS Code\bin;C:\Program Files\Microsoft SQL Server\150\Tools\Binn\;C:\Program Files\MySQL\MySQL Server 8.0\bin;D:\Tranlsater\nodejs;D:\Tranlsater\nodejs\npm_cache;D:\Tranlsater\nodejs\npm_global;D:\Tranlsater\Git\cmd;D:\Tranlsater\jdk17\bin;C:\Program Files\MySQL\bin;C:\Users\Terminal\AppData\Local\Microsoft\WindowsApps;D:\Tranlsater\DataGrip\bin;D:\Tranlsater\IntelliJ IDEA\bin;D:\Tranlsater\nodejs\npm_global;
USERNAME=Terminal
OS=Windows_NT
PROCESSOR_IDENTIFIER=AMD64 Family 23 Model 96 Stepping 1, AuthenticAMD
TMP=C:\Users\Terminal\AppData\Local\Temp
TEMP=C:\Users\Terminal\AppData\Local\Temp


JNI global refs:
JNI global refs: 26, weak refs: 0

JNI global refs memory usage: 843, weak refs: 841


---------------  S Y S T E M  ---------------

OS:
 Windows 10 , 64 bit Build 19041 (10.0.19041.2913)
OS uptime: 1 days 5:03 hours

CPU: total 16 (initial active 16) (16 cores per cpu, 2 threads per core) family 23 model 96 stepping 1 microcode 0x0, cx8, cmov, fxsr, ht, mmx, 3dnowpref, sse, sse2, sse3, ssse3, sse4a, sse4.1, sse4.2, popcnt, lzcnt, tsc, tscinvbit, avx, avx2, aes, clmul, bmi1, bmi2, adx, sha, fma, vzeroupper, clflush, clflushopt

Memory: 4k page, system-wide physical 15789M (2066M free)
TotalPageFile size 41389M (AvailPageFile size 5M)
current process WorkingSet (physical memory assigned to process): 116M, peak: 116M
current process commit charge ("private bytes"): 263M, peak: 263M

vm_info: OpenJDK 64-Bit Server VM (17.0.6+10-b829.9) for windows-amd64 JRE (17.0.6+10-b829.9), built on 2023-04-09 by "builduser" with MS VC++ 16.10 / 16.11 (VS2019)

END.
